<?xml version="1.0" encoding="UTF-8"?>
<!-- Generated by org.testng.reporters.JUnitXMLReporter -->
<testsuite ignored="0" hostname="LenovoIdeaPad" failures="1" tests="3" name="POMframework for Search Books" time="13.344" errors="0" timestamp="2023-12-09T12:51:52 IST">
  <testcase classname="tests.SearchPageTest" name="test_login" time="3.575"/>
  <testcase classname="tests.SearchPageTest" name="search" time="4.658"/>
  <testcase classname="tests.SearchPageTest" name="search" time="1.397">
    <failure type="java.lang.AssertionError" message="Assert not same search item expected [Beyond The Story: 10-Year Record of BTS] but found [BTS BOOK]">
      <![CDATA[java.lang.AssertionError: Assert not same search item expected [Beyond The Story: 10-Year Record of BTS] but found [BTS BOOK]
at tests.SearchPageTest.search(SearchPageTest.java:58)
at java.base/java.util.ArrayList.forEach(ArrayList.java:1511)
... Removed 32 stack frames]]>
    </failure>
  </testcase> <!-- search -->
</testsuite> <!-- POMframework for Search Books -->
