<?xml version="1.0" encoding="UTF-8"?>
<!-- Generated by org.testng.reporters.JUnitXMLReporter -->
<testsuite ignored="0" hostname="LenovoIdeaPad" failures="0" tests="4" name="POMframework for Fiction Books" time="17.448" errors="0" timestamp="2023-12-09T12:51:39 IST">
  <testcase classname="tests.FictionBooksTest" name="test_login" time="3.615"/>
  <testcase classname="tests.FictionBooksTest" name="FictionBooksclick" time="6.027"/>
  <testcase classname="tests.FictionBooksTest" name="book1_click" time="2.442"/>
  <testcase classname="tests.FictionBooksTest" name="buynow_click" time="2.037"/>
</testsuite> <!-- POMframework for Fiction Books -->
