<?xml version="1.0" encoding="UTF-8"?>
<!-- Generated by org.testng.reporters.JUnitXMLReporter -->
<testsuite ignored="0" hostname="LenovoIdeaPad" failures="2" tests="3" name="POMframework for Login" time="17.634" errors="0" timestamp="2023-12-09T12:51:21 IST">
  <testcase classname="tests.LoginPageTest" name="test_login" time="3.48">
    <failure type="java.lang.AssertionError" message="did not expect [My Account] but found [My Account]">
      <![CDATA[java.lang.AssertionError: did not expect [My Account] but found [My Account]
at tests.LoginPageTest.test_login(LoginPageTest.java:43)
at java.base/java.util.ArrayList.forEach(ArrayList.java:1511)
... Removed 32 stack frames]]>
    </failure>
  </testcase> <!-- test_login -->
  <testcase classname="tests.LoginPageTest" name="test_login" time="4.819"/>
  <testcase classname="tests.LoginPageTest" name="test_login" time="3.725">
    <failure type="java.lang.AssertionError" message="did not expect [My Account] but found [My Account]">
      <![CDATA[java.lang.AssertionError: did not expect [My Account] but found [My Account]
at tests.LoginPageTest.test_login(LoginPageTest.java:43)
at java.base/java.util.ArrayList.forEach(ArrayList.java:1511)
... Removed 32 stack frames]]>
    </failure>
  </testcase> <!-- test_login -->
</testsuite> <!-- POMframework for Login -->
